#
# There is insufficient memory for the Java Runtime Environment to continue.
# Native memory allocation (malloc) failed to allocate 104333312 bytes for committing reserved memory.
# Possible reasons:
#   The system is out of physical RAM or swap space
#   In 32 bit mode, the process size limit was hit
# Possible solutions:
#   Reduce memory load on the system
#   Increase physical memory or swap space
#   Check if swap backing store is full
#   Use 64 bit Java on a 64 bit OS
#   Decrease Java heap size (-Xmx/-Xms)
#   Decrease number of Java threads
#   Decrease Java thread stack sizes (-Xss)
#   Set larger code cache with -XX:ReservedCodeCacheSize=
# This output file may be truncated or incomplete.
#
#  Out of Memory Error (os_linux.cpp:2756), pid=13717, tid=140158883211008
#
# JRE version: Java(TM) SE Runtime Environment (7.0_80-b15) (build 1.7.0_80-b15)
# Java VM: Java HotSpot(TM) 64-Bit Server VM (24.80-b11 mixed mode linux-amd64 compressed oops)
# Failed to write core dump. Core dumps have been disabled. To enable core dumping, try "ulimit -c unlimited" before starting Java again
#

---------------  T H R E A D  ---------------

Current thread (0x00007f794406a800):  VMThread [stack: 0x00007f7948623000,0x00007f7948723000] [id=13727]

Stack: [0x00007f7948623000,0x00007f7948723000],  sp=0x00007f7948721300,  free space=1016k
Native frames: (J=compiled Java code, j=interpreted, Vv=VM code, C=native code)
V  [libjvm.so+0x9a320a]  VMError::report_and_die()+0x2ea
V  [libjvm.so+0x498d3b]  report_vm_out_of_memory(char const*, int, unsigned long, char const*)+0x9b
V  [libjvm.so+0x82191e]  os::Linux::commit_memory_impl(char*, unsigned long, bool)+0xfe
V  [libjvm.so+0x821e69]  os::pd_commit_memory(char*, unsigned long, unsigned long, bool)+0x29
V  [libjvm.so+0x81bb6a]  os::commit_memory(char*, unsigned long, unsigned long, bool)+0x2a
V  [libjvm.so+0x88d623]  PSVirtualSpace::expand_by(unsigned long)+0x53
V  [libjvm.so+0x87ca80]  PSOldGen::expand(unsigned long)+0x170
V  [libjvm.so+0x87cc8b]  PSOldGen::resize(unsigned long)+0x1cb
V  [libjvm.so+0x885951]  PSParallelCompact::invoke_no_policy(bool)+0x9b1
V  [libjvm.so+0x88b8cd]  PSScavenge::invoke()+0x1ad
V  [libjvm.so+0x843f40]  ParallelScavengeHeap::failed_mem_allocate(unsigned long)+0x70
V  [libjvm.so+0x9a4a97]  VM_ParallelGCFailedAllocation::doit()+0x97
V  [libjvm.so+0x9abf35]  VM_Operation::evaluate()+0x55
V  [libjvm.so+0x9aa2fa]  VMThread::evaluate_operation(VM_Operation*)+0xba
V  [libjvm.so+0x9aa67e]  VMThread::loop()+0x1ce
V  [libjvm.so+0x9aaaf0]  VMThread::run()+0x70
V  [libjvm.so+0x8238c8]  java_start(Thread*)+0x108

VM_Operation (0x00007f794d224730): ParallelGCFailedAllocation, mode: safepoint, requested by thread 0x00007f794400a800


---------------  P R O C E S S  ---------------

Java Threads: ( => current thread )
  0x00007f7944099000 JavaThread "Service Thread" daemon [_thread_blocked, id=13733, stack(0x00007f7940cfd000,0x00007f7940dfe000)]
  0x00007f7944097000 JavaThread "C2 CompilerThread1" daemon [_thread_blocked, id=13732, stack(0x00007f7940dff000,0x00007f7940eff000)]
  0x00007f794408c000 JavaThread "C2 CompilerThread0" daemon [_thread_blocked, id=13731, stack(0x00007f7940f00000,0x00007f7941000000)]
  0x00007f7944089800 JavaThread "Signal Dispatcher" daemon [_thread_blocked, id=13730, stack(0x00007f794802a000,0x00007f794812b000)]
  0x00007f7944071000 JavaThread "Finalizer" daemon [_thread_blocked, id=13729, stack(0x00007f7948420000,0x00007f7948521000)]
  0x00007f794406f000 JavaThread "Reference Handler" daemon [_thread_blocked, id=13728, stack(0x00007f7948521000,0x00007f7948622000)]
  0x00007f794400a800 JavaThread "main" [_thread_blocked, id=13722, stack(0x00007f794d126000,0x00007f794d226000)]

Other Threads:
=>0x00007f794406a800 VMThread [stack: 0x00007f7948623000,0x00007f7948723000] [id=13727]
  0x00007f79440a3800 WatcherThread [stack: 0x00007f7940bfd000,0x00007f7940cfd000] [id=13734]

VM state:at safepoint (normal execution)

VM Mutex/Monitor currently owned by a thread:  ([mutex/lock_event])
[0x00007f79440068a0] ExpandHeap_lock - owner thread: 0x00007f794406a800
[0x00007f7944006f20] Threads_lock - owner thread: 0x00007f794406a800
[0x00007f7944007420] Heap_lock - owner thread: 0x00007f794400a800

Heap
 PSYoungGen      total 167424K, used 68581K [0x00000000ec100000, 0x00000000fec80000, 0x0000000100000000)
  eden space 71680K, 95% used [0x00000000ec100000,0x00000000f03f95d0,0x00000000f0700000)
  from space 95744K, 0% used [0x00000000f0700000,0x00000000f0700000,0x00000000f6480000)
  to   space 108544K, 0% used [0x00000000f8280000,0x00000000f8280000,0x00000000fec80000)
 ParOldGen       total 211456K, used 211391K [0x00000000c4400000, 0x00000000d1280000, 0x00000000ec100000)
  object space 211456K, 99% used [0x00000000c4400000,0x00000000d126fc88,0x00000000d1280000)
 PSPermGen       total 21504K, used 3348K [0x00000000bf200000, 0x00000000c0700000, 0x00000000c4400000)
  object space 21504K, 15% used [0x00000000bf200000,0x00000000bf5450c0,0x00000000c0700000)

Card table byte_map: [0x00007f794a14e000,0x00007f794a356000] byte_map_base: 0x00007f7949b55000

Polling page: 0x00007f794d256000

Code Cache  [0x00007f7941000000, 0x00007f7941270000, 0x00007f7944000000)
 total_blobs=234 nmethods=19 adapters=169 free_code_cache=48733Kb largest_free_block=49882880

Compilation events (10 events):
Event: 1.465 Thread 0x00007f794408c000   15             java.util.ArrayList::add (29 bytes)
Event: 1.468 Thread 0x00007f794408c000 nmethod 15 0x00007f794106a050 code [0x00007f794106a1c0, 0x00007f794106a348]
Event: 1.468 Thread 0x00007f794408c000   16             java.util.ArrayList::ensureCapacityInternal (23 bytes)
Event: 1.469 Thread 0x00007f794408c000 nmethod 16 0x00007f7941063890 code [0x00007f79410639e0, 0x00007f7941063aa8]
Event: 1.476 Thread 0x00007f794408c000   17             java.util.ArrayList::ensureExplicitCapacity (26 bytes)
Event: 1.477 Thread 0x00007f794408c000 nmethod 17 0x00007f7941069d90 code [0x00007f7941069ee0, 0x00007f7941069f88]
Event: 1.477 Thread 0x00007f794408c000   18             java.util.ArrayList::isEmpty (13 bytes)
Event: 1.478 Thread 0x00007f794408c000 nmethod 18 0x00007f7941069b50 code [0x00007f7941069c80, 0x00007f7941069cf8]
Event: 1.478 Thread 0x00007f794408c000   19 %           yokletproblem.YokletProblem::maxJobs @ 8 (49 bytes)
Event: 1.491 Thread 0x00007f794408c000 nmethod 19% 0x00007f7941069090 code [0x00007f7941069240, 0x00007f7941069708]

GC Heap History (10 events):
Event: 5.610 GC heap after
Heap after GC invocations=10 (full 2):
 PSYoungGen      total 117760K, used 56804K [0x00000000ec100000, 0x00000000f9680000, 0x0000000100000000)
  eden space 60928K, 0% used [0x00000000ec100000,0x00000000ec100000,0x00000000efc80000)
  from space 56832K, 99% used [0x00000000f4180000,0x00000000f78f92f0,0x00000000f7900000)
  to   space 70656K, 0% used [0x00000000efc80000,0x00000000efc80000,0x00000000f4180000)
 ParOldGen       total 131072K, used 89412K [0x00000000c4400000, 0x00000000cc400000, 0x00000000ec100000)
  object space 131072K, 68% used [0x00000000c4400000,0x00000000c9b511e8,0x00000000cc400000)
 PSPermGen       total 21504K, used 3348K [0x00000000bf200000, 0x00000000c0700000, 0x00000000c4400000)
  object space 21504K, 15% used [0x00000000bf200000,0x00000000bf5450c0,0x00000000c0700000)
}
Event: 5.864 GC heap before
{Heap before GC invocations=11 (full 2):
 PSYoungGen      total 117760K, used 117732K [0x00000000ec100000, 0x00000000f9680000, 0x0000000100000000)
  eden space 60928K, 100% used [0x00000000ec100000,0x00000000efc80000,0x00000000efc80000)
  from space 56832K, 99% used [0x00000000f4180000,0x00000000f78f92f0,0x00000000f7900000)
  to   space 70656K, 0% used [0x00000000efc80000,0x00000000efc80000,0x00000000f4180000)
 ParOldGen       total 131072K, used 89412K [0x00000000c4400000, 0x00000000cc400000, 0x00000000ec100000)
  object space 131072K, 68% used [0x00000000c4400000,0x00000000c9b511e8,0x00000000cc400000)
 PSPermGen       total 21504K, used 3348K [0x00000000bf200000, 0x00000000c0700000, 0x00000000c4400000)
  object space 21504K, 15% used [0x00000000bf200000,0x00000000bf5450c0,0x00000000c0700000)
Event: 6.127 GC heap after
Heap after GC invocations=11 (full 2):
 PSYoungGen      total 131584K, used 70628K [0x00000000ec100000, 0x00000000fbc00000, 0x0000000100000000)
  eden space 60928K, 0% used [0x00000000ec100000,0x00000000ec100000,0x00000000efc80000)
  from space 70656K, 99% used [0x00000000efc80000,0x00000000f41792f0,0x00000000f4180000)
  to   space 89600K, 0% used [0x00000000f6480000,0x00000000f6480000,0x00000000fbc00000)
 ParOldGen       total 131072K, used 106140K [0x00000000c4400000, 0x00000000cc400000, 0x00000000ec100000)
  object space 131072K, 80% used [0x00000000c4400000,0x00000000caba71e8,0x00000000cc400000)
 PSPermGen       total 21504K, used 3348K [0x00000000bf200000, 0x00000000c0700000, 0x00000000c4400000)
  object space 21504K, 15% used [0x00000000bf200000,0x00000000bf5450c0,0x00000000c0700000)
}
Event: 6.127 GC heap before
{Heap before GC invocations=12 (full 3):
 PSYoungGen      total 131584K, used 70628K [0x00000000ec100000, 0x00000000fbc00000, 0x0000000100000000)
  eden space 60928K, 0% used [0x00000000ec100000,0x00000000ec100000,0x00000000efc80000)
  from space 70656K, 99% used [0x00000000efc80000,0x00000000f41792f0,0x00000000f4180000)
  to   space 89600K, 0% used [0x00000000f6480000,0x00000000f6480000,0x00000000fbc00000)
 ParOldGen       total 131072K, used 106140K [0x00000000c4400000, 0x00000000cc400000, 0x00000000ec100000)
  object space 131072K, 80% used [0x00000000c4400000,0x00000000caba71e8,0x00000000cc400000)
 PSPermGen       total 21504K, used 3348K [0x00000000bf200000, 0x00000000c0700000, 0x00000000c4400000)
  object space 21504K, 15% used [0x00000000bf200000,0x00000000bf5450c0,0x00000000c0700000)
Event: 9.960 GC heap after
Heap after GC invocations=12 (full 3):
 PSYoungGen      total 131584K, used 34754K [0x00000000ec100000, 0x00000000fbc00000, 0x0000000100000000)
  eden space 60928K, 0% used [0x00000000ec100000,0x00000000ec100000,0x00000000efc80000)
  from space 70656K, 49% used [0x00000000efc80000,0x00000000f1e70ae0,0x00000000f4180000)
  to   space 89600K, 0% used [0x00000000f6480000,0x00000000f6480000,0x00000000fbc00000)
 ParOldGen       total 211456K, used 131057K [0x00000000c4400000, 0x00000000d1280000, 0x00000000ec100000)
  object space 211456K, 61% used [0x00000000c4400000,0x00000000cc3fc750,0x00000000d1280000)
 PSPermGen       total 21504K, used 3348K [0x00000000bf200000, 0x00000000c0700000, 0x00000000c4400000)
  object space 21504K, 15% used [0x00000000bf200000,0x00000000bf5450c0,0x00000000c0700000)
}
Event: 10.060 GC heap before
{Heap before GC invocations=13 (full 3):
 PSYoungGen      total 131584K, used 95682K [0x00000000ec100000, 0x00000000fbc00000, 0x0000000100000000)
  eden space 60928K, 100% used [0x00000000ec100000,0x00000000efc80000,0x00000000efc80000)
  from space 70656K, 49% used [0x00000000efc80000,0x00000000f1e70ae0,0x00000000f4180000)
  to   space 89600K, 0% used [0x00000000f6480000,0x00000000f6480000,0x00000000fbc00000)
 ParOldGen       total 211456K, used 131057K [0x00000000c4400000, 0x00000000d1280000, 0x00000000ec100000)
  object space 211456K, 61% used [0x00000000c4400000,0x00000000cc3fc750,0x00000000d1280000)
 PSPermGen       total 21504K, used 3348K [0x00000000bf200000, 0x00000000c0700000, 0x00000000c4400000)
  object space 21504K, 15% used [0x00000000bf200000,0x00000000bf5450c0,0x00000000c0700000)
Event: 10.553 GC heap after
Heap after GC invocations=13 (full 3):
 PSYoungGen      total 161280K, used 67287K [0x00000000ec100000, 0x00000000fc500000, 0x0000000100000000)
  eden space 71680K, 0% used [0x00000000ec100000,0x00000000ec100000,0x00000000f0700000)
  from space 89600K, 75% used [0x00000000f6480000,0x00000000fa635c60,0x00000000fbc00000)
  to   space 95744K, 0% used [0x00000000f0700000,0x00000000f0700000,0x00000000f6480000)
 ParOldGen       total 211456K, used 147217K [0x00000000c4400000, 0x00000000d1280000, 0x00000000ec100000)
  object space 211456K, 69% used [0x00000000c4400000,0x00000000cd3c4750,0x00000000d1280000)
 PSPermGen       total 21504K, used 3348K [0x00000000bf200000, 0x00000000c0700000, 0x00000000c4400000)
  object space 21504K, 15% used [0x00000000bf200000,0x00000000bf5450c0,0x00000000c0700000)
}
Event: 10.794 GC heap before
{Heap before GC invocations=14 (full 3):
 PSYoungGen      total 161280K, used 138967K [0x00000000ec100000, 0x00000000fc500000, 0x0000000100000000)
  eden space 71680K, 100% used [0x00000000ec100000,0x00000000f0700000,0x00000000f0700000)
  from space 89600K, 75% used [0x00000000f6480000,0x00000000fa635c60,0x00000000fbc00000)
  to   space 95744K, 0% used [0x00000000f0700000,0x00000000f0700000,0x00000000f6480000)
 ParOldGen       total 211456K, used 147217K [0x00000000c4400000, 0x00000000d1280000, 0x00000000ec100000)
  object space 211456K, 69% used [0x00000000c4400000,0x00000000cd3c4750,0x00000000d1280000)
 PSPermGen       total 21504K, used 3348K [0x00000000bf200000, 0x00000000c0700000, 0x00000000c4400000)
  object space 21504K, 15% used [0x00000000bf200000,0x00000000bf5450c0,0x00000000c0700000)
Event: 11.099 GC heap after
Heap after GC invocations=14 (full 3):
 PSYoungGen      total 167424K, used 95735K [0x00000000ec100000, 0x00000000fec80000, 0x0000000100000000)
  eden space 71680K, 0% used [0x00000000ec100000,0x00000000ec100000,0x00000000f0700000)
  from space 95744K, 99% used [0x00000000f0700000,0x00000000f647dc60,0x00000000f6480000)
  to   space 108544K, 0% used [0x00000000f8280000,0x00000000f8280000,0x00000000fec80000)
 ParOldGen       total 211456K, used 154585K [0x00000000c4400000, 0x00000000d1280000, 0x00000000ec100000)
  object space 211456K, 73% used [0x00000000c4400000,0x00000000cdaf6750,0x00000000d1280000)
 PSPermGen       total 21504K, used 3348K [0x00000000bf200000, 0x00000000c0700000, 0x00000000c4400000)
  object space 21504K, 15% used [0x00000000bf200000,0x00000000bf5450c0,0x00000000c0700000)
}
Event: 11.489 GC heap before
{Heap before GC invocations=15 (full 4):
 PSYoungGen      total 167424K, used 167415K [0x00000000ec100000, 0x00000000fec80000, 0x0000000100000000)
  eden space 71680K, 100% used [0x00000000ec100000,0x00000000f0700000,0x00000000f0700000)
  from space 95744K, 99% used [0x00000000f0700000,0x00000000f647dc60,0x00000000f6480000)
  to   space 108544K, 0% used [0x00000000f8280000,0x00000000f8280000,0x00000000fec80000)
 ParOldGen       total 211456K, used 208668K [0x00000000c4400000, 0x00000000d1280000, 0x00000000ec100000)
  object space 211456K, 98% used [0x00000000c4400000,0x00000000d0fc71d8,0x00000000d1280000)
 PSPermGen       total 21504K, used 3348K [0x00000000bf200000, 0x00000000c0700000, 0x00000000c4400000)
  object space 21504K, 15% used [0x00000000bf200000,0x00000000bf5450c0,0x00000000c0700000)

Deoptimization events (0 events):
No events

Internal exceptions (7 events):
Event: 0.458 Thread 0x00007f794400a800 Threw 0x00000000ec10f180 at /HUDSON/workspace/7u-2-build-linux-amd64/jdk7u80/2329/hotspot/src/share/vm/prims/jni.cpp:3991
Event: 0.844 Thread 0x00007f794400a800 Threw 0x00000000ec146cf0 at /HUDSON/workspace/7u-2-build-linux-amd64/jdk7u80/2329/hotspot/src/share/vm/prims/jvm.cpp:1319
Event: 0.919 Thread 0x00007f794400a800 Threw 0x00000000ec19b378 at /HUDSON/workspace/7u-2-build-linux-amd64/jdk7u80/2329/hotspot/src/share/vm/prims/jvm.cpp:1319
Event: 1.233 Thread 0x00007f794400a800 Threw 0x00000000ec1ba9d8 at /HUDSON/workspace/7u-2-build-linux-amd64/jdk7u80/2329/hotspot/src/share/vm/prims/jvm.cpp:1319
Event: 1.233 Thread 0x00007f794400a800 Threw 0x00000000ec1bab00 at /HUDSON/workspace/7u-2-build-linux-amd64/jdk7u80/2329/hotspot/src/share/vm/prims/jvm.cpp:1319
Event: 1.234 Thread 0x00007f794400a800 Threw 0x00000000ec1bcd70 at /HUDSON/workspace/7u-2-build-linux-amd64/jdk7u80/2329/hotspot/src/share/vm/prims/jvm.cpp:1319
Event: 1.234 Thread 0x00007f794400a800 Threw 0x00000000ec1bce98 at /HUDSON/workspace/7u-2-build-linux-amd64/jdk7u80/2329/hotspot/src/share/vm/prims/jvm.cpp:1319

Events (10 events):
Event: 5.286 Executing VM operation: ParallelGCFailedAllocation done
Event: 5.396 Executing VM operation: ParallelGCFailedAllocation
Event: 5.610 Executing VM operation: ParallelGCFailedAllocation done
Event: 5.864 Executing VM operation: ParallelGCFailedAllocation
Event: 9.960 Executing VM operation: ParallelGCFailedAllocation done
Event: 10.060 Executing VM operation: ParallelGCFailedAllocation
Event: 10.553 Executing VM operation: ParallelGCFailedAllocation done
Event: 10.794 Executing VM operation: ParallelGCFailedAllocation
Event: 11.099 Executing VM operation: ParallelGCFailedAllocation done
Event: 11.489 Executing VM operation: ParallelGCFailedAllocation


Dynamic libraries:
00400000-00401000 r-xp 00000000 08:07 5383934                            /home/hackimos/jdk1.7.0_80/bin/java
00600000-00601000 rw-p 00000000 08:07 5383934                            /home/hackimos/jdk1.7.0_80/bin/java
007b0000-007d1000 rw-p 00000000 00:00 0                                  [heap]
bf200000-c0700000 rw-p 00000000 00:00 0 
c0700000-c4400000 rw-p 00000000 00:00 0 
c4400000-d1280000 rw-p 00000000 00:00 0 
d7600000-ec100000 rw-p 00000000 00:00 0 
ec100000-fec80000 rw-p 00000000 00:00 0 
fec80000-100000000 rw-p 00000000 00:00 0 
7f7904000000-7f7904021000 rw-p 00000000 00:00 0 
7f7904021000-7f7908000000 ---p 00000000 00:00 0 
7f7908000000-7f7908021000 rw-p 00000000 00:00 0 
7f7908021000-7f790c000000 ---p 00000000 00:00 0 
7f790c000000-7f790c0e2000 rw-p 00000000 00:00 0 
7f790c0e2000-7f7910000000 ---p 00000000 00:00 0 
7f7910000000-7f7910198000 rw-p 00000000 00:00 0 
7f7910198000-7f7914000000 ---p 00000000 00:00 0 
7f7914000000-7f7914021000 rw-p 00000000 00:00 0 
7f7914021000-7f7918000000 ---p 00000000 00:00 0 
7f7918000000-7f7918021000 rw-p 00000000 00:00 0 
7f7918021000-7f791c000000 ---p 00000000 00:00 0 
7f791c000000-7f791c021000 rw-p 00000000 00:00 0 
7f791c021000-7f7920000000 ---p 00000000 00:00 0 
7f7920000000-7f7920021000 rw-p 00000000 00:00 0 
7f7920021000-7f7924000000 ---p 00000000 00:00 0 
7f7924000000-7f79245e7000 rw-p 00000000 00:00 0 
7f79245e7000-7f7928000000 ---p 00000000 00:00 0 
7f792c000000-7f792ca9a000 rw-p 00000000 00:00 0 
7f792ca9a000-7f7930000000 ---p 00000000 00:00 0 
7f7930fff000-7f7934000000 rw-p 00000000 00:00 0 
7f7934000000-7f79342d5000 rw-p 00000000 00:00 0 
7f79342d5000-7f7938000000 ---p 00000000 00:00 0 
7f7939f90000-7f793c000000 rw-p 00000000 00:00 0 
7f793c000000-7f793c1ea000 rw-p 00000000 00:00 0 
7f793c1ea000-7f7940000000 ---p 00000000 00:00 0 
7f794058b000-7f79407d4000 rw-p 00000000 00:00 0 
7f79407d4000-7f79407eb000 r-xp 00000000 08:07 1319296                    /home/hackimos/jdk1.7.0_80/jre/lib/amd64/libnet.so
7f79407eb000-7f79409ea000 ---p 00017000 08:07 1319296                    /home/hackimos/jdk1.7.0_80/jre/lib/amd64/libnet.so
7f79409ea000-7f79409eb000 rw-p 00016000 08:07 1319296                    /home/hackimos/jdk1.7.0_80/jre/lib/amd64/libnet.so
7f79409eb000-7f79409fb000 r-xp 00000000 08:07 1319295                    /home/hackimos/jdk1.7.0_80/jre/lib/amd64/libnio.so
7f79409fb000-7f7940bfb000 ---p 00010000 08:07 1319295                    /home/hackimos/jdk1.7.0_80/jre/lib/amd64/libnio.so
7f7940bfb000-7f7940bfc000 rw-p 00010000 08:07 1319295                    /home/hackimos/jdk1.7.0_80/jre/lib/amd64/libnio.so
7f7940bfc000-7f7940bfd000 ---p 00000000 00:00 0 
7f7940bfd000-7f7940cfd000 rw-p 00000000 00:00 0 
7f7940cfd000-7f7940d00000 ---p 00000000 00:00 0 
7f7940d00000-7f7940dfe000 rw-p 00000000 00:00 0 
7f7940dfe000-7f7940dff000 ---p 00000000 00:00 0 
7f7940dff000-7f7940e02000 ---p 00000000 00:00 0 
7f7940e02000-7f7940eff000 rw-p 00000000 00:00 0 
7f7940eff000-7f7940f00000 ---p 00000000 00:00 0 
7f7940f00000-7f7940f03000 ---p 00000000 00:00 0 
7f7940f03000-7f7941000000 rw-p 00000000 00:00 0 
7f7941000000-7f7941270000 rwxp 00000000 00:00 0 
7f7941270000-7f79440f1000 rw-p 00000000 00:00 0 
7f79440f1000-7f7948000000 ---p 00000000 00:00 0 
7f794802a000-7f794802d000 ---p 00000000 00:00 0 
7f794802d000-7f794812b000 rw-p 00000000 00:00 0 
7f794812b000-7f7948420000 r--p 00000000 08:05 536329                     /usr/lib/locale/locale-archive
7f7948420000-7f7948423000 ---p 00000000 00:00 0 
7f7948423000-7f7948521000 rw-p 00000000 00:00 0 
7f7948521000-7f7948524000 ---p 00000000 00:00 0 
7f7948524000-7f7948622000 rw-p 00000000 00:00 0 
7f7948622000-7f7948623000 ---p 00000000 00:00 0 
7f7948623000-7f7949722000 rw-p 00000000 00:00 0 
7f7949722000-7f79498e2000 r--s 039fb000 08:07 139694                     /home/hackimos/jdk1.7.0_80/jre/lib/rt.jar
7f79498e2000-7f7949be2000 rw-p 00000000 00:00 0 
7f7949be2000-7f7949be3000 ---p 00000000 00:00 0 
7f7949be3000-7f7949ce3000 rw-p 00000000 00:00 0 
7f7949ce3000-7f7949ce4000 ---p 00000000 00:00 0 
7f7949ce4000-7f7949de4000 rw-p 00000000 00:00 0 
7f7949de4000-7f7949de5000 ---p 00000000 00:00 0 
7f7949de5000-7f7949ee5000 rw-p 00000000 00:00 0 
7f7949ee5000-7f7949ee6000 ---p 00000000 00:00 0 
7f7949ee6000-7f7949ff1000 rw-p 00000000 00:00 0 
7f7949ff1000-7f794a00f000 rw-p 00000000 00:00 0 
7f794a00f000-7f794a077000 rw-p 00000000 00:00 0 
7f794a077000-7f794a14e000 rw-p 00000000 00:00 0 
7f794a14e000-7f794a159000 rw-p 00000000 00:00 0 
7f794a159000-7f794a177000 rw-p 00000000 00:00 0 
7f794a177000-7f794a1df000 rw-p 00000000 00:00 0 
7f794a1df000-7f794a2b5000 rw-p 00000000 00:00 0 
7f794a2b5000-7f794a34c000 rw-p 00000000 00:00 0 
7f794a34c000-7f794a355000 rw-p 00000000 00:00 0 
7f794a355000-7f794a356000 rw-p 00000000 00:00 0 
7f794a356000-7f794a36d000 r-xp 00000000 08:07 1319294                    /home/hackimos/jdk1.7.0_80/jre/lib/amd64/libzip.so
7f794a36d000-7f794a56d000 ---p 00017000 08:07 1319294                    /home/hackimos/jdk1.7.0_80/jre/lib/amd64/libzip.so
7f794a56d000-7f794a56e000 rw-p 00017000 08:07 1319294                    /home/hackimos/jdk1.7.0_80/jre/lib/amd64/libzip.so
7f794a56e000-7f794a579000 r-xp 00000000 08:05 19864                      /lib/x86_64-linux-gnu/libnss_files-2.27.so
7f794a579000-7f794a778000 ---p 0000b000 08:05 19864                      /lib/x86_64-linux-gnu/libnss_files-2.27.so
7f794a778000-7f794a779000 r--p 0000a000 08:05 19864                      /lib/x86_64-linux-gnu/libnss_files-2.27.so
7f794a779000-7f794a77a000 rw-p 0000b000 08:05 19864                      /lib/x86_64-linux-gnu/libnss_files-2.27.so
7f794a77a000-7f794a780000 rw-p 00000000 00:00 0 
7f794a780000-7f794a797000 r-xp 00000000 08:05 10338                      /lib/x86_64-linux-gnu/libnsl-2.27.so
7f794a797000-7f794a996000 ---p 00017000 08:05 10338                      /lib/x86_64-linux-gnu/libnsl-2.27.so
7f794a996000-7f794a997000 r--p 00016000 08:05 10338                      /lib/x86_64-linux-gnu/libnsl-2.27.so
7f794a997000-7f794a998000 rw-p 00017000 08:05 10338                      /lib/x86_64-linux-gnu/libnsl-2.27.so
7f794a998000-7f794a99a000 rw-p 00000000 00:00 0 
7f794a99a000-7f794a9a5000 r-xp 00000000 08:05 19868                      /lib/x86_64-linux-gnu/libnss_nis-2.27.so
7f794a9a5000-7f794aba4000 ---p 0000b000 08:05 19868                      /lib/x86_64-linux-gnu/libnss_nis-2.27.so
7f794aba4000-7f794aba5000 r--p 0000a000 08:05 19868                      /lib/x86_64-linux-gnu/libnss_nis-2.27.so
7f794aba5000-7f794aba6000 rw-p 0000b000 08:05 19868                      /lib/x86_64-linux-gnu/libnss_nis-2.27.so
7f794aba6000-7f794abae000 r-xp 00000000 08:05 19036                      /lib/x86_64-linux-gnu/libnss_compat-2.27.so
7f794abae000-7f794adae000 ---p 00008000 08:05 19036                      /lib/x86_64-linux-gnu/libnss_compat-2.27.so
7f794adae000-7f794adaf000 r--p 00008000 08:05 19036                      /lib/x86_64-linux-gnu/libnss_compat-2.27.so
7f794adaf000-7f794adb0000 rw-p 00009000 08:05 19036                      /lib/x86_64-linux-gnu/libnss_compat-2.27.so
7f794adb0000-7f794add9000 r-xp 00000000 08:07 1319275                    /home/hackimos/jdk1.7.0_80/jre/lib/amd64/libjava.so
7f794add9000-7f794afd9000 ---p 00029000 08:07 1319275                    /home/hackimos/jdk1.7.0_80/jre/lib/amd64/libjava.so
7f794afd9000-7f794afdb000 rw-p 00029000 08:07 1319275                    /home/hackimos/jdk1.7.0_80/jre/lib/amd64/libjava.so
7f794afdb000-7f794afe8000 r-xp 00000000 08:07 1319200                    /home/hackimos/jdk1.7.0_80/jre/lib/amd64/libverify.so
7f794afe8000-7f794b1e7000 ---p 0000d000 08:07 1319200                    /home/hackimos/jdk1.7.0_80/jre/lib/amd64/libverify.so
7f794b1e7000-7f794b1e9000 rw-p 0000c000 08:07 1319200                    /home/hackimos/jdk1.7.0_80/jre/lib/amd64/libverify.so
7f794b1e9000-7f794b1f0000 r-xp 00000000 08:05 31227                      /lib/x86_64-linux-gnu/librt-2.27.so
7f794b1f0000-7f794b3ef000 ---p 00007000 08:05 31227                      /lib/x86_64-linux-gnu/librt-2.27.so
7f794b3ef000-7f794b3f0000 r--p 00006000 08:05 31227                      /lib/x86_64-linux-gnu/librt-2.27.so
7f794b3f0000-7f794b3f1000 rw-p 00007000 08:05 31227                      /lib/x86_64-linux-gnu/librt-2.27.so
7f794b3f1000-7f794b58e000 r-xp 00000000 08:05 10330                      /lib/x86_64-linux-gnu/libm-2.27.so
7f794b58e000-7f794b78d000 ---p 0019d000 08:05 10330                      /lib/x86_64-linux-gnu/libm-2.27.so
7f794b78d000-7f794b78e000 r--p 0019c000 08:05 10330                      /lib/x86_64-linux-gnu/libm-2.27.so
7f794b78e000-7f794b78f000 rw-p 0019d000 08:05 10330                      /lib/x86_64-linux-gnu/libm-2.27.so
7f794b78f000-7f794c305000 r-xp 00000000 08:07 1318725                    /home/hackimos/jdk1.7.0_80/jre/lib/amd64/server/libjvm.so
7f794c305000-7f794c504000 ---p 00b76000 08:07 1318725                    /home/hackimos/jdk1.7.0_80/jre/lib/amd64/server/libjvm.so
7f794c504000-7f794c5c8000 rw-p 00b75000 08:07 1318725                    /home/hackimos/jdk1.7.0_80/jre/lib/amd64/server/libjvm.so
7f794c5c8000-7f794c609000 rw-p 00000000 00:00 0 
7f794c609000-7f794c7f0000 r-xp 00000000 08:05 10245                      /lib/x86_64-linux-gnu/libc-2.27.so
7f794c7f0000-7f794c9f0000 ---p 001e7000 08:05 10245                      /lib/x86_64-linux-gnu/libc-2.27.so
7f794c9f0000-7f794c9f4000 r--p 001e7000 08:05 10245                      /lib/x86_64-linux-gnu/libc-2.27.so
7f794c9f4000-7f794c9f6000 rw-p 001eb000 08:05 10245                      /lib/x86_64-linux-gnu/libc-2.27.so
7f794c9f6000-7f794c9fa000 rw-p 00000000 00:00 0 
7f794c9fa000-7f794c9fd000 r-xp 00000000 08:05 10253                      /lib/x86_64-linux-gnu/libdl-2.27.so
7f794c9fd000-7f794cbfc000 ---p 00003000 08:05 10253                      /lib/x86_64-linux-gnu/libdl-2.27.so
7f794cbfc000-7f794cbfd000 r--p 00002000 08:05 10253                      /lib/x86_64-linux-gnu/libdl-2.27.so
7f794cbfd000-7f794cbfe000 rw-p 00003000 08:05 10253                      /lib/x86_64-linux-gnu/libdl-2.27.so
7f794cbfe000-7f794cc13000 r-xp 00000000 08:07 5641642                    /home/hackimos/jdk1.7.0_80/lib/amd64/jli/libjli.so
7f794cc13000-7f794ce12000 ---p 00015000 08:07 5641642                    /home/hackimos/jdk1.7.0_80/lib/amd64/jli/libjli.so
7f794ce12000-7f794ce13000 rw-p 00014000 08:07 5641642                    /home/hackimos/jdk1.7.0_80/lib/amd64/jli/libjli.so
7f794ce13000-7f794ce2d000 r-xp 00000000 08:05 29208                      /lib/x86_64-linux-gnu/libpthread-2.27.so
7f794ce2d000-7f794d02c000 ---p 0001a000 08:05 29208                      /lib/x86_64-linux-gnu/libpthread-2.27.so
7f794d02c000-7f794d02d000 r--p 00019000 08:05 29208                      /lib/x86_64-linux-gnu/libpthread-2.27.so
7f794d02d000-7f794d02e000 rw-p 0001a000 08:05 29208                      /lib/x86_64-linux-gnu/libpthread-2.27.so
7f794d02e000-7f794d032000 rw-p 00000000 00:00 0 
7f794d032000-7f794d059000 r-xp 00000000 08:05 3220                       /lib/x86_64-linux-gnu/ld-2.27.so
7f794d065000-7f794d06f000 rw-p 00000000 00:00 0 
7f794d06f000-7f794d125000 rw-p 00000000 00:00 0 
7f794d125000-7f794d126000 ---p 00000000 00:00 0 
7f794d126000-7f794d129000 ---p 00000000 00:00 0 
7f794d129000-7f794d228000 rw-p 00000000 00:00 0 
7f794d238000-7f794d24d000 rw-p 00000000 00:00 0 
7f794d24d000-7f794d255000 rw-s 00000000 08:05 792906                     /tmp/hsperfdata_hackimos/13717
7f794d255000-7f794d256000 rw-p 00000000 00:00 0 
7f794d256000-7f794d257000 ---p 00000000 00:00 0 
7f794d257000-7f794d259000 rw-p 00000000 00:00 0 
7f794d259000-7f794d25a000 r--p 00027000 08:05 3220                       /lib/x86_64-linux-gnu/ld-2.27.so
7f794d25a000-7f794d25b000 rw-p 00028000 08:05 3220                       /lib/x86_64-linux-gnu/ld-2.27.so
7f794d25b000-7f794d25c000 rw-p 00000000 00:00 0 
7ffcb0c84000-7ffcb0ca5000 rw-p 00000000 00:00 0                          [stack]
7ffcb0cde000-7ffcb0ce1000 r--p 00000000 00:00 0                          [vvar]
7ffcb0ce1000-7ffcb0ce3000 r-xp 00000000 00:00 0                          [vdso]
ffffffffff600000-ffffffffff601000 r-xp 00000000 00:00 0                  [vsyscall]

VM Arguments:
jvm_args: -Dfile.encoding=UTF-8 
java_command: yokletproblem.YokletProblem
Launcher Type: SUN_STANDARD

Environment Variables:
PATH=/usr/local/sbin:/usr/local/bin:/usr/sbin:/usr/bin:/sbin:/bin:/usr/games:/usr/local/games:/snap/bin
USERNAME=hackimos
LD_LIBRARY_PATH=/home/hackimos/jdk1.7.0_80/jre/lib/amd64:/home/hackimos/jdk1.7.0_80/jre/lib/i386:
SHELL=/bin/bash
DISPLAY=:0

Signal Handlers:
SIGSEGV: [libjvm.so+0x9a3b20], sa_mask[0]=0x7ffbfeff, sa_flags=0x10000004
SIGBUS: [libjvm.so+0x9a3b20], sa_mask[0]=0x7ffbfeff, sa_flags=0x10000004
SIGFPE: [libjvm.so+0x81e740], sa_mask[0]=0x7ffbfeff, sa_flags=0x10000004
SIGPIPE: [libjvm.so+0x81e740], sa_mask[0]=0x7ffbfeff, sa_flags=0x10000004
SIGXFSZ: [libjvm.so+0x81e740], sa_mask[0]=0x7ffbfeff, sa_flags=0x10000004
SIGILL: [libjvm.so+0x81e740], sa_mask[0]=0x7ffbfeff, sa_flags=0x10000004
SIGUSR1: SIG_DFL, sa_mask[0]=0x00000000, sa_flags=0x00000000
SIGUSR2: [libjvm.so+0x81ffb0], sa_mask[0]=0x00000004, sa_flags=0x10000004
SIGHUP: [libjvm.so+0x8210d0], sa_mask[0]=0x7ffbfeff, sa_flags=0x10000004
SIGINT: SIG_IGN, sa_mask[0]=0x00000000, sa_flags=0x00000000
SIGTERM: [libjvm.so+0x8210d0], sa_mask[0]=0x7ffbfeff, sa_flags=0x10000004
SIGQUIT: [libjvm.so+0x8210d0], sa_mask[0]=0x7ffbfeff, sa_flags=0x10000004


---------------  S Y S T E M  ---------------

OS:buster/sid

uname:Linux 4.15.0-34-generic #37-Ubuntu SMP Mon Aug 27 15:21:48 UTC 2018 x86_64
libc:glibc 2.27 NPTL 2.27 
rlimit: STACK 8192k, CORE 0k, NPROC 14768, NOFILE 1048576, AS infinity
load average:10.50 16.48 8.92

/proc/meminfo:
MemTotal:        3909656 kB
MemFree:          111416 kB
MemAvailable:      43624 kB
Buffers:            6448 kB
Cached:           324684 kB
SwapCached:            0 kB
Active:          3298384 kB
Inactive:         297252 kB
Active(anon):    3266192 kB
Inactive(anon):   259624 kB
Active(file):      32192 kB
Inactive(file):    37628 kB
Unevictable:         144 kB
Mlocked:             144 kB
SwapTotal:             0 kB
SwapFree:              0 kB
Dirty:               200 kB
Writeback:            12 kB
AnonPages:       3264692 kB
Mapped:           105472 kB
Shmem:            261268 kB
Slab:              88800 kB
SReclaimable:      36868 kB
SUnreclaim:        51932 kB
KernelStack:       11840 kB
PageTables:        53060 kB
NFS_Unstable:          0 kB
Bounce:                0 kB
WritebackTmp:          0 kB
CommitLimit:     1954828 kB
Committed_AS:    8336104 kB
VmallocTotal:   34359738367 kB
VmallocUsed:           0 kB
VmallocChunk:          0 kB
HardwareCorrupted:     0 kB
AnonHugePages:      2048 kB
ShmemHugePages:        0 kB
ShmemPmdMapped:        0 kB
CmaTotal:              0 kB
CmaFree:               0 kB
HugePages_Total:       0
HugePages_Free:        0
HugePages_Rsvd:        0
HugePages_Surp:        0
Hugepagesize:       2048 kB
DirectMap4k:      245500 kB
DirectMap2M:     3819520 kB


CPU:total 4 (2 cores per cpu, 2 threads per core) family 6 model 58 stepping 9, cmov, cx8, fxsr, mmx, sse, sse2, sse3, ssse3, sse4.1, sse4.2, popcnt, avx, erms, ht, tsc, tscinvbit, tscinv

/proc/cpuinfo:
processor	: 0
vendor_id	: GenuineIntel
cpu family	: 6
model		: 58
model name	: Intel(R) Core(TM) i3-3217U CPU @ 1.80GHz
stepping	: 9
microcode	: 0x20
cpu MHz		: 1795.965
cache size	: 3072 KB
physical id	: 0
siblings	: 4
core id		: 0
cpu cores	: 2
apicid		: 0
initial apicid	: 0
fpu		: yes
fpu_exception	: yes
cpuid level	: 13
wp		: yes
flags		: fpu vme de pse tsc msr pae mce cx8 apic sep mtrr pge mca cmov pat pse36 clflush dts acpi mmx fxsr sse sse2 ss ht tm pbe syscall nx rdtscp lm constant_tsc arch_perfmon pebs bts rep_good nopl xtopology nonstop_tsc cpuid aperfmperf pni pclmulqdq dtes64 monitor ds_cpl vmx est tm2 ssse3 cx16 xtpr pdcm pcid sse4_1 sse4_2 x2apic popcnt tsc_deadline_timer xsave avx f16c lahf_lm cpuid_fault epb pti ssbd ibrs ibpb stibp tpr_shadow vnmi flexpriority ept vpid fsgsbase smep erms xsaveopt dtherm ida arat pln pts flush_l1d
bugs		: cpu_meltdown spectre_v1 spectre_v2 spec_store_bypass l1tf
bogomips	: 3591.93
clflush size	: 64
cache_alignment	: 64
address sizes	: 36 bits physical, 48 bits virtual
power management:

processor	: 1
vendor_id	: GenuineIntel
cpu family	: 6
model		: 58
model name	: Intel(R) Core(TM) i3-3217U CPU @ 1.80GHz
stepping	: 9
microcode	: 0x20
cpu MHz		: 1795.965
cache size	: 3072 KB
physical id	: 0
siblings	: 4
core id		: 0
cpu cores	: 2
apicid		: 1
initial apicid	: 1
fpu		: yes
fpu_exception	: yes
cpuid level	: 13
wp		: yes
flags		: fpu vme de pse tsc msr pae mce cx8 apic sep mtrr pge mca cmov pat pse36 clflush dts acpi mmx fxsr sse sse2 ss ht tm pbe syscall nx rdtscp lm constant_tsc arch_perfmon pebs bts rep_good nopl xtopology nonstop_tsc cpuid aperfmperf pni pclmulqdq dtes64 monitor ds_cpl vmx est tm2 ssse3 cx16 xtpr pdcm pcid sse4_1 sse4_2 x2apic popcnt tsc_deadline_timer xsave avx f16c lahf_lm cpuid_fault epb pti ssbd ibrs ibpb stibp tpr_shadow vnmi flexpriority ept vpid fsgsbase smep erms xsaveopt dtherm ida arat pln pts flush_l1d
bugs		: cpu_meltdown spectre_v1 spectre_v2 spec_store_bypass l1tf
bogomips	: 3591.93
clflush size	: 64
cache_alignment	: 64
address sizes	: 36 bits physical, 48 bits virtual
power management:

processor	: 2
vendor_id	: GenuineIntel
cpu family	: 6
model		: 58
model name	: Intel(R) Core(TM) i3-3217U CPU @ 1.80GHz
stepping	: 9
microcode	: 0x20
cpu MHz		: 1795.964
cache size	: 3072 KB
physical id	: 0
siblings	: 4
core id		: 1
cpu cores	: 2
apicid		: 2
initial apicid	: 2
fpu		: yes
fpu_exception	: yes
cpuid level	: 13
wp		: yes
flags		: fpu vme de pse tsc msr pae mce cx8 apic sep mtrr pge mca cmov pat pse36 clflush dts acpi mmx fxsr sse sse2 ss ht tm pbe syscall nx rdtscp lm constant_tsc arch_perfmon pebs bts rep_good nopl xtopology nonstop_tsc cpuid aperfmperf pni pclmulqdq dtes64 monitor ds_cpl vmx est tm2 ssse3 cx16 xtpr pdcm pcid sse4_1 sse4_2 x2apic popcnt tsc_deadline_timer xsave avx f16c lahf_lm cpuid_fault epb pti ssbd ibrs ibpb stibp tpr_shadow vnmi flexpriority ept vpid fsgsbase smep erms xsaveopt dtherm ida arat pln pts flush_l1d
bugs		: cpu_meltdown spectre_v1 spectre_v2 spec_store_bypass l1tf
bogomips	: 3591.93
clflush size	: 64
cache_alignment	: 64
address sizes	: 36 bits physical, 48 bits virtual
power management:

processor	: 3
vendor_id	: GenuineIntel
cpu family	: 6
model		: 58
model name	: Intel(R) Core(TM) i3-3217U CPU @ 1.80GHz
stepping	: 9
microcode	: 0x20
cpu MHz		: 1795.965
cache size	: 3072 KB
physical id	: 0
siblings	: 4
core id		: 1
cpu cores	: 2
apicid		: 3
initial apicid	: 3
fpu		: yes
fpu_exception	: yes
cpuid level	: 13
wp		: yes
flags		: fpu vme de pse tsc msr pae mce cx8 apic sep mtrr pge mca cmov pat pse36 clflush dts acpi mmx fxsr sse sse2 ss ht tm pbe syscall nx rdtscp lm constant_tsc arch_perfmon pebs bts rep_good nopl xtopology nonstop_tsc cpuid aperfmperf pni pclmulqdq dtes64 monitor ds_cpl vmx est tm2 ssse3 cx16 xtpr pdcm pcid sse4_1 sse4_2 x2apic popcnt tsc_deadline_timer xsave avx f16c lahf_lm cpuid_fault epb pti ssbd ibrs ibpb stibp tpr_shadow vnmi flexpriority ept vpid fsgsbase smep erms xsaveopt dtherm ida arat pln pts flush_l1d
bugs		: cpu_meltdown spectre_v1 spectre_v2 spec_store_bypass l1tf
bogomips	: 3591.93
clflush size	: 64
cache_alignment	: 64
address sizes	: 36 bits physical, 48 bits virtual
power management:



Memory: 4k page, physical 3909656k(111416k free), swap 0k(0k free)

vm_info: Java HotSpot(TM) 64-Bit Server VM (24.80-b11) for linux-amd64 JRE (1.7.0_80-b15), built on Apr 10 2015 19:53:14 by "java_re" with gcc 4.3.0 20080428 (Red Hat 4.3.0-8)

time: Sun Oct 28 03:08:40 2018
elapsed time: 18 seconds

